<?xml version="1.0" encoding="UTF-8"?>
<testsuite xmlns:xsi="http://www.w3.org/2001/XMLSchema-instance" xsi:noNamespaceSchemaLocation="https://maven.apache.org/surefire/maven-surefire-plugin/xsd/surefire-test-report-3.0.xsd" version="3.0" name="br.edu.ifba.inf008.plugins.users.infrastructure.services.UserServiceTest" time="0.095" tests="5" errors="0" skipped="0" failures="0">
  <properties>
    <property name="java.specification.version" value="24"/>
    <property name="sun.jnu.encoding" value="UTF-8"/>
    <property name="java.class.path" value="/home/heavenus/Development/IFBA/INF008/T2/microkernel/plugins/users-plugin/target/test-classes:/home/heavenus/Development/IFBA/INF008/T2/microkernel/plugins/users-plugin/target/classes:/home/heavenus/Development/IFBA/INF008/T2/microkernel/core/target/core-1.0-SNAPSHOT.jar:/home/heavenus/.m2/repository/org/openjfx/javafx-controls/17/javafx-controls-17.jar:/home/heavenus/.m2/repository/org/openjfx/javafx-controls/17/javafx-controls-17-linux.jar:/home/heavenus/.m2/repository/org/openjfx/javafx-graphics/17/javafx-graphics-17.jar:/home/heavenus/.m2/repository/org/openjfx/javafx-graphics/17/javafx-graphics-17-linux.jar:/home/heavenus/.m2/repository/org/openjfx/javafx-base/17/javafx-base-17.jar:/home/heavenus/.m2/repository/org/openjfx/javafx-base/17/javafx-base-17-linux.jar:/home/heavenus/.m2/repository/org/openjfx/javafx-media/17/javafx-media-17.jar:/home/heavenus/.m2/repository/org/openjfx/javafx-media/17/javafx-media-17-linux.jar:/home/heavenus/.m2/repository/org/hibernate/orm/hibernate-core/6.4.4.Final/hibernate-core-6.4.4.Final.jar:/home/heavenus/.m2/repository/jakarta/transaction/jakarta.transaction-api/2.0.1/jakarta.transaction-api-2.0.1.jar:/home/heavenus/.m2/repository/org/jboss/logging/jboss-logging/3.5.0.Final/jboss-logging-3.5.0.Final.jar:/home/heavenus/.m2/repository/org/hibernate/common/hibernate-commons-annotations/6.0.6.Final/hibernate-commons-annotations-6.0.6.Final.jar:/home/heavenus/.m2/repository/io/smallrye/jandex/3.1.2/jandex-3.1.2.jar:/home/heavenus/.m2/repository/com/fasterxml/classmate/1.5.1/classmate-1.5.1.jar:/home/heavenus/.m2/repository/jakarta/xml/bind/jakarta.xml.bind-api/4.0.0/jakarta.xml.bind-api-4.0.0.jar:/home/heavenus/.m2/repository/jakarta/activation/jakarta.activation-api/2.1.0/jakarta.activation-api-2.1.0.jar:/home/heavenus/.m2/repository/org/glassfish/jaxb/jaxb-runtime/4.0.2/jaxb-runtime-4.0.2.jar:/home/heavenus/.m2/repository/org/glassfish/jaxb/jaxb-core/4.0.2/jaxb-core-4.0.2.jar:/home/heavenus/.m2/repository/org/eclipse/angus/angus-activation/2.0.0/angus-activation-2.0.0.jar:/home/heavenus/.m2/repository/org/glassfish/jaxb/txw2/4.0.2/txw2-4.0.2.jar:/home/heavenus/.m2/repository/com/sun/istack/istack-commons-runtime/4.1.1/istack-commons-runtime-4.1.1.jar:/home/heavenus/.m2/repository/jakarta/inject/jakarta.inject-api/2.0.1/jakarta.inject-api-2.0.1.jar:/home/heavenus/.m2/repository/org/antlr/antlr4-runtime/4.13.0/antlr4-runtime-4.13.0.jar:/home/heavenus/.m2/repository/com/mysql/mysql-connector-j/8.4.0/mysql-connector-j-8.4.0.jar:/home/heavenus/.m2/repository/com/google/protobuf/protobuf-java/3.25.1/protobuf-java-3.25.1.jar:/home/heavenus/.m2/repository/jakarta/persistence/jakarta.persistence-api/3.1.0/jakarta.persistence-api-3.1.0.jar:/home/heavenus/.m2/repository/org/slf4j/slf4j-simple/2.0.13/slf4j-simple-2.0.13.jar:/home/heavenus/.m2/repository/org/slf4j/slf4j-api/2.0.13/slf4j-api-2.0.13.jar:/home/heavenus/.m2/repository/jakarta/validation/jakarta.validation-api/3.1.1/jakarta.validation-api-3.1.1.jar:/home/heavenus/.m2/repository/org/hibernate/validator/hibernate-validator/8.0.1.Final/hibernate-validator-8.0.1.Final.jar:/home/heavenus/.m2/repository/org/glassfish/expressly/expressly/5.0.0/expressly-5.0.0.jar:/home/heavenus/.m2/repository/jakarta/el/jakarta.el-api/5.0.0/jakarta.el-api-5.0.0.jar:/home/heavenus/.m2/repository/org/junit/jupiter/junit-jupiter/5.10.0/junit-jupiter-5.10.0.jar:/home/heavenus/.m2/repository/org/junit/jupiter/junit-jupiter-api/5.10.0/junit-jupiter-api-5.10.0.jar:/home/heavenus/.m2/repository/org/opentest4j/opentest4j/1.3.0/opentest4j-1.3.0.jar:/home/heavenus/.m2/repository/org/junit/platform/junit-platform-commons/1.10.0/junit-platform-commons-1.10.0.jar:/home/heavenus/.m2/repository/org/apiguardian/apiguardian-api/1.1.2/apiguardian-api-1.1.2.jar:/home/heavenus/.m2/repository/org/junit/jupiter/junit-jupiter-params/5.10.0/junit-jupiter-params-5.10.0.jar:/home/heavenus/.m2/repository/org/junit/jupiter/junit-jupiter-engine/5.10.0/junit-jupiter-engine-5.10.0.jar:/home/heavenus/.m2/repository/org/junit/platform/junit-platform-engine/1.10.0/junit-platform-engine-1.10.0.jar:/home/heavenus/.m2/repository/org/mockito/mockito-core/5.12.0/mockito-core-5.12.0.jar:/home/heavenus/.m2/repository/net/bytebuddy/byte-buddy/1.14.15/byte-buddy-1.14.15.jar:/home/heavenus/.m2/repository/net/bytebuddy/byte-buddy-agent/1.14.15/byte-buddy-agent-1.14.15.jar:/home/heavenus/.m2/repository/org/objenesis/objenesis/3.3/objenesis-3.3.jar:/home/heavenus/.m2/repository/org/mockito/mockito-junit-jupiter/5.12.0/mockito-junit-jupiter-5.12.0.jar:/home/heavenus/.m2/repository/org/assertj/assertj-core/3.25.3/assertj-core-3.25.3.jar:/home/heavenus/.m2/repository/com/h2database/h2/2.1.214/h2-2.1.214.jar:"/>
    <property name="java.vm.vendor" value="Eclipse Adoptium"/>
    <property name="sun.arch.data.model" value="64"/>
    <property name="java.vendor.url" value="https://adoptium.net/"/>
    <property name="user.timezone" value="America/Bahia"/>
    <property name="os.name" value="Linux"/>
    <property name="java.vm.specification.version" value="24"/>
    <property name="sun.java.launcher" value="SUN_STANDARD"/>
    <property name="user.country" value="BR"/>
    <property name="sun.boot.library.path" value="/home/heavenus/.asdf/installs/java/adoptopenjdk-24.0.1+9/lib"/>
    <property name="sun.java.command" value="/home/heavenus/Development/IFBA/INF008/T2/microkernel/plugins/users-plugin/target/surefire/surefirebooter-20250728230157301_3.jar /home/heavenus/Development/IFBA/INF008/T2/microkernel/plugins/users-plugin/target/surefire 2025-07-28T23-01-56_515-jvmRun1 surefire-20250728230157301_1tmp surefire_0-20250728230157301_2tmp"/>
    <property name="jdk.debug" value="release"/>
    <property name="surefire.test.class.path" value="/home/heavenus/Development/IFBA/INF008/T2/microkernel/plugins/users-plugin/target/test-classes:/home/heavenus/Development/IFBA/INF008/T2/microkernel/plugins/users-plugin/target/classes:/home/heavenus/Development/IFBA/INF008/T2/microkernel/core/target/core-1.0-SNAPSHOT.jar:/home/heavenus/.m2/repository/org/openjfx/javafx-controls/17/javafx-controls-17.jar:/home/heavenus/.m2/repository/org/openjfx/javafx-controls/17/javafx-controls-17-linux.jar:/home/heavenus/.m2/repository/org/openjfx/javafx-graphics/17/javafx-graphics-17.jar:/home/heavenus/.m2/repository/org/openjfx/javafx-graphics/17/javafx-graphics-17-linux.jar:/home/heavenus/.m2/repository/org/openjfx/javafx-base/17/javafx-base-17.jar:/home/heavenus/.m2/repository/org/openjfx/javafx-base/17/javafx-base-17-linux.jar:/home/heavenus/.m2/repository/org/openjfx/javafx-media/17/javafx-media-17.jar:/home/heavenus/.m2/repository/org/openjfx/javafx-media/17/javafx-media-17-linux.jar:/home/heavenus/.m2/repository/org/hibernate/orm/hibernate-core/6.4.4.Final/hibernate-core-6.4.4.Final.jar:/home/heavenus/.m2/repository/jakarta/transaction/jakarta.transaction-api/2.0.1/jakarta.transaction-api-2.0.1.jar:/home/heavenus/.m2/repository/org/jboss/logging/jboss-logging/3.5.0.Final/jboss-logging-3.5.0.Final.jar:/home/heavenus/.m2/repository/org/hibernate/common/hibernate-commons-annotations/6.0.6.Final/hibernate-commons-annotations-6.0.6.Final.jar:/home/heavenus/.m2/repository/io/smallrye/jandex/3.1.2/jandex-3.1.2.jar:/home/heavenus/.m2/repository/com/fasterxml/classmate/1.5.1/classmate-1.5.1.jar:/home/heavenus/.m2/repository/jakarta/xml/bind/jakarta.xml.bind-api/4.0.0/jakarta.xml.bind-api-4.0.0.jar:/home/heavenus/.m2/repository/jakarta/activation/jakarta.activation-api/2.1.0/jakarta.activation-api-2.1.0.jar:/home/heavenus/.m2/repository/org/glassfish/jaxb/jaxb-runtime/4.0.2/jaxb-runtime-4.0.2.jar:/home/heavenus/.m2/repository/org/glassfish/jaxb/jaxb-core/4.0.2/jaxb-core-4.0.2.jar:/home/heavenus/.m2/repository/org/eclipse/angus/angus-activation/2.0.0/angus-activation-2.0.0.jar:/home/heavenus/.m2/repository/org/glassfish/jaxb/txw2/4.0.2/txw2-4.0.2.jar:/home/heavenus/.m2/repository/com/sun/istack/istack-commons-runtime/4.1.1/istack-commons-runtime-4.1.1.jar:/home/heavenus/.m2/repository/jakarta/inject/jakarta.inject-api/2.0.1/jakarta.inject-api-2.0.1.jar:/home/heavenus/.m2/repository/org/antlr/antlr4-runtime/4.13.0/antlr4-runtime-4.13.0.jar:/home/heavenus/.m2/repository/com/mysql/mysql-connector-j/8.4.0/mysql-connector-j-8.4.0.jar:/home/heavenus/.m2/repository/com/google/protobuf/protobuf-java/3.25.1/protobuf-java-3.25.1.jar:/home/heavenus/.m2/repository/jakarta/persistence/jakarta.persistence-api/3.1.0/jakarta.persistence-api-3.1.0.jar:/home/heavenus/.m2/repository/org/slf4j/slf4j-simple/2.0.13/slf4j-simple-2.0.13.jar:/home/heavenus/.m2/repository/org/slf4j/slf4j-api/2.0.13/slf4j-api-2.0.13.jar:/home/heavenus/.m2/repository/jakarta/validation/jakarta.validation-api/3.1.1/jakarta.validation-api-3.1.1.jar:/home/heavenus/.m2/repository/org/hibernate/validator/hibernate-validator/8.0.1.Final/hibernate-validator-8.0.1.Final.jar:/home/heavenus/.m2/repository/org/glassfish/expressly/expressly/5.0.0/expressly-5.0.0.jar:/home/heavenus/.m2/repository/jakarta/el/jakarta.el-api/5.0.0/jakarta.el-api-5.0.0.jar:/home/heavenus/.m2/repository/org/junit/jupiter/junit-jupiter/5.10.0/junit-jupiter-5.10.0.jar:/home/heavenus/.m2/repository/org/junit/jupiter/junit-jupiter-api/5.10.0/junit-jupiter-api-5.10.0.jar:/home/heavenus/.m2/repository/org/opentest4j/opentest4j/1.3.0/opentest4j-1.3.0.jar:/home/heavenus/.m2/repository/org/junit/platform/junit-platform-commons/1.10.0/junit-platform-commons-1.10.0.jar:/home/heavenus/.m2/repository/org/apiguardian/apiguardian-api/1.1.2/apiguardian-api-1.1.2.jar:/home/heavenus/.m2/repository/org/junit/jupiter/junit-jupiter-params/5.10.0/junit-jupiter-params-5.10.0.jar:/home/heavenus/.m2/repository/org/junit/jupiter/junit-jupiter-engine/5.10.0/junit-jupiter-engine-5.10.0.jar:/home/heavenus/.m2/repository/org/junit/platform/junit-platform-engine/1.10.0/junit-platform-engine-1.10.0.jar:/home/heavenus/.m2/repository/org/mockito/mockito-core/5.12.0/mockito-core-5.12.0.jar:/home/heavenus/.m2/repository/net/bytebuddy/byte-buddy/1.14.15/byte-buddy-1.14.15.jar:/home/heavenus/.m2/repository/net/bytebuddy/byte-buddy-agent/1.14.15/byte-buddy-agent-1.14.15.jar:/home/heavenus/.m2/repository/org/objenesis/objenesis/3.3/objenesis-3.3.jar:/home/heavenus/.m2/repository/org/mockito/mockito-junit-jupiter/5.12.0/mockito-junit-jupiter-5.12.0.jar:/home/heavenus/.m2/repository/org/assertj/assertj-core/3.25.3/assertj-core-3.25.3.jar:/home/heavenus/.m2/repository/com/h2database/h2/2.1.214/h2-2.1.214.jar:"/>
    <property name="sun.cpu.endian" value="little"/>
    <property name="user.home" value="/home/heavenus"/>
    <property name="user.language" value="pt"/>
    <property name="java.specification.vendor" value="Oracle Corporation"/>
    <property name="java.version.date" value="2025-04-15"/>
    <property name="java.home" value="/home/heavenus/.asdf/installs/java/adoptopenjdk-24.0.1+9"/>
    <property name="file.separator" value="/"/>
    <property name="basedir" value="/home/heavenus/Development/IFBA/INF008/T2/microkernel/plugins/users-plugin"/>
    <property name="java.vm.compressedOopsMode" value="Zero based"/>
    <property name="line.separator" value="&#10;"/>
    <property name="java.vm.specification.vendor" value="Oracle Corporation"/>
    <property name="java.specification.name" value="Java Platform API Specification"/>
    <property name="surefire.real.class.path" value="/home/heavenus/Development/IFBA/INF008/T2/microkernel/plugins/users-plugin/target/surefire/surefirebooter-20250728230157301_3.jar"/>
    <property name="sun.management.compiler" value="HotSpot 64-Bit Tiered Compilers"/>
    <property name="java.runtime.version" value="24.0.1+9"/>
    <property name="user.name" value="heavenus"/>
    <property name="stdout.encoding" value="UTF-8"/>
    <property name="path.separator" value=":"/>
    <property name="os.version" value="6.11.0-29-generic"/>
    <property name="java.runtime.name" value="OpenJDK Runtime Environment"/>
    <property name="file.encoding" value="UTF-8"/>
    <property name="java.vm.name" value="OpenJDK 64-Bit Server VM"/>
    <property name="java.vendor.version" value="Temurin-24.0.1+9"/>
    <property name="localRepository" value="/home/heavenus/.m2/repository"/>
    <property name="java.vendor.url.bug" value="https://github.com/adoptium/adoptium-support/issues"/>
    <property name="java.io.tmpdir" value="/tmp"/>
    <property name="idea.version" value="2025.1.4.1"/>
    <property name="java.version" value="24.0.1"/>
    <property name="user.dir" value="/home/heavenus/Development/IFBA/INF008/T2/microkernel/plugins/users-plugin"/>
    <property name="os.arch" value="amd64"/>
    <property name="java.vm.specification.name" value="Java Virtual Machine Specification"/>
    <property name="native.encoding" value="UTF-8"/>
    <property name="java.library.path" value="/usr/java/packages/lib:/usr/lib64:/lib64:/lib:/usr/lib"/>
    <property name="java.vm.info" value="mixed mode, sharing"/>
    <property name="stderr.encoding" value="UTF-8"/>
    <property name="java.vendor" value="Eclipse Adoptium"/>
    <property name="java.vm.version" value="24.0.1+9"/>
    <property name="sun.io.unicode.encoding" value="UnicodeLittle"/>
    <property name="java.class.version" value="68.0"/>
  </properties>
  <testcase name="createUser_Success" classname="br.edu.ifba.inf008.plugins.users.infrastructure.services.UserServiceTest" time="0.027">
    <system-out><![CDATA[Hibernate: 
    drop table if exists users cascade 
Hibernate: 
    create table users (
        deactivated_at TIMESTAMP DEFAULT NULL,
        registered_at TIMESTAMP DEFAULT CURRENT_TIMESTAMP,
        user_id bigint generated by default as identity,
        email varchar(255) not null unique,
        name varchar(255) not null,
        primary key (user_id)
    )
Hibernate: 
    select
        u1_0.user_id,
        u1_0.deactivated_at,
        u1_0.email,
        u1_0.name,
        u1_0.registered_at 
    from
        users u1_0 
    where
        u1_0.email=?
Hibernate: 
    insert 
    into
        users
        (deactivated_at, email, name, registered_at, user_id) 
    values
        (?, ?, ?, ?, default)
]]></system-out>
    <system-err><![CDATA[jul. 28, 2025 11:01:58 PM org.hibernate.cache.internal.RegionFactoryInitiator initiateService
INFO: HHH000026: Second-level cache disabled
jul. 28, 2025 11:01:58 PM org.hibernate.engine.jdbc.connections.internal.DriverManagerConnectionProviderImpl configure
WARN: HHH10001002: Using built-in connection pool (not intended for production use)
jul. 28, 2025 11:01:58 PM org.hibernate.engine.jdbc.connections.internal.DriverManagerConnectionProviderImpl buildCreator
INFO: HHH10001005: Loaded JDBC driver class: org.h2.Driver
jul. 28, 2025 11:01:58 PM org.hibernate.engine.jdbc.connections.internal.DriverManagerConnectionProviderImpl buildCreator
INFO: HHH10001012: Connecting with JDBC URL [jdbc:h2:mem:testdb;DB_CLOSE_DELAY=-1]
jul. 28, 2025 11:01:58 PM org.hibernate.engine.jdbc.connections.internal.DriverManagerConnectionProviderImpl buildCreator
INFO: HHH10001001: Connection properties: {user=sa, password=****}
jul. 28, 2025 11:01:58 PM org.hibernate.engine.jdbc.connections.internal.DriverManagerConnectionProviderImpl buildCreator
INFO: HHH10001003: Autocommit mode: false
jul. 28, 2025 11:01:58 PM org.hibernate.engine.jdbc.connections.internal.DriverManagerConnectionProviderImpl$PooledConnections <init>
INFO: HHH10001115: Connection pool size: 20 (min=1)
jul. 28, 2025 11:01:58 PM org.hibernate.engine.jdbc.dialect.internal.DialectFactoryImpl constructDialect
WARN: HHH90000025: H2Dialect does not need to be specified explicitly using 'hibernate.dialect' (remove the property setting and it will be selected by default)
jul. 28, 2025 11:01:58 PM org.hibernate.resource.transaction.backend.jdbc.internal.DdlTransactionIsolatorNonJtaImpl getIsolatedConnection
INFO: HHH10001501: Connection obtained from JdbcConnectionAccess [org.hibernate.engine.jdbc.env.internal.JdbcEnvironmentInitiator$ConnectionProviderJdbcConnectionAccess@253b1cbd] for (non-JTA) DDL execution was not in auto-commit mode; the Connection 'local transaction' will be committed and the Connection will be set into auto-commit mode.
jul. 28, 2025 11:01:58 PM org.hibernate.resource.transaction.backend.jdbc.internal.DdlTransactionIsolatorNonJtaImpl getIsolatedConnection
INFO: HHH10001501: Connection obtained from JdbcConnectionAccess [org.hibernate.engine.jdbc.env.internal.JdbcEnvironmentInitiator$ConnectionProviderJdbcConnectionAccess@a859c5] for (non-JTA) DDL execution was not in auto-commit mode; the Connection 'local transaction' will be committed and the Connection will be set into auto-commit mode.
]]></system-err>
  </testcase>
  <testcase name="editUser_ThrowsWhenEmailConflict" classname="br.edu.ifba.inf008.plugins.users.infrastructure.services.UserServiceTest" time="0.008">
    <system-out><![CDATA[Hibernate: 
    select
        u1_0.user_id,
        u1_0.deactivated_at,
        u1_0.email,
        u1_0.name,
        u1_0.registered_at 
    from
        users u1_0 
    where
        u1_0.email=?
Hibernate: 
    insert 
    into
        users
        (deactivated_at, email, name, registered_at, user_id) 
    values
        (?, ?, ?, ?, default)
Hibernate: 
    select
        u1_0.user_id,
        u1_0.deactivated_at,
        u1_0.email,
        u1_0.name,
        u1_0.registered_at 
    from
        users u1_0 
    where
        u1_0.email=?
Hibernate: 
    insert 
    into
        users
        (deactivated_at, email, name, registered_at, user_id) 
    values
        (?, ?, ?, ?, default)
Hibernate: 
    select
        u1_0.user_id,
        u1_0.deactivated_at,
        u1_0.email,
        u1_0.name,
        u1_0.registered_at 
    from
        users u1_0 
    where
        u1_0.user_id=?
Hibernate: 
    select
        u1_0.user_id,
        u1_0.deactivated_at,
        u1_0.email,
        u1_0.name,
        u1_0.registered_at 
    from
        users u1_0 
    where
        u1_0.email=?
]]></system-out>
  </testcase>
  <testcase name="deleteUser_Success" classname="br.edu.ifba.inf008.plugins.users.infrastructure.services.UserServiceTest" time="0.009">
    <system-out><![CDATA[Hibernate: 
    select
        u1_0.user_id,
        u1_0.deactivated_at,
        u1_0.email,
        u1_0.name,
        u1_0.registered_at 
    from
        users u1_0 
    where
        u1_0.email=?
Hibernate: 
    insert 
    into
        users
        (deactivated_at, email, name, registered_at, user_id) 
    values
        (?, ?, ?, ?, default)
Hibernate: 
    select
        u1_0.user_id,
        u1_0.deactivated_at,
        u1_0.email,
        u1_0.name,
        u1_0.registered_at 
    from
        users u1_0 
    where
        u1_0.user_id=?
Hibernate: 
    select
        u1_0.user_id,
        u1_0.deactivated_at,
        u1_0.email,
        u1_0.name,
        u1_0.registered_at 
    from
        users u1_0 
    where
        u1_0.user_id=?
Hibernate: 
    update
        users 
    set
        deactivated_at=?,
        email=?,
        name=?,
        registered_at=? 
    where
        user_id=?
Hibernate: 
    select
        u1_0.user_id,
        u1_0.deactivated_at,
        u1_0.email,
        u1_0.name,
        u1_0.registered_at 
    from
        users u1_0 
    where
        u1_0.user_id=?
]]></system-out>
  </testcase>
  <testcase name="editUser_Success" classname="br.edu.ifba.inf008.plugins.users.infrastructure.services.UserServiceTest" time="0.004">
    <system-out><![CDATA[Hibernate: 
    select
        u1_0.user_id,
        u1_0.deactivated_at,
        u1_0.email,
        u1_0.name,
        u1_0.registered_at 
    from
        users u1_0 
    where
        u1_0.email=?
Hibernate: 
    insert 
    into
        users
        (deactivated_at, email, name, registered_at, user_id) 
    values
        (?, ?, ?, ?, default)
Hibernate: 
    select
        u1_0.user_id,
        u1_0.deactivated_at,
        u1_0.email,
        u1_0.name,
        u1_0.registered_at 
    from
        users u1_0 
    where
        u1_0.user_id=?
Hibernate: 
    select
        u1_0.user_id,
        u1_0.deactivated_at,
        u1_0.email,
        u1_0.name,
        u1_0.registered_at 
    from
        users u1_0 
    where
        u1_0.email=?
Hibernate: 
    select
        u1_0.user_id,
        u1_0.deactivated_at,
        u1_0.email,
        u1_0.name,
        u1_0.registered_at 
    from
        users u1_0 
    where
        u1_0.user_id=?
Hibernate: 
    update
        users 
    set
        deactivated_at=?,
        email=?,
        name=?,
        registered_at=? 
    where
        user_id=?
Hibernate: 
    select
        u1_0.user_id,
        u1_0.deactivated_at,
        u1_0.email,
        u1_0.name,
        u1_0.registered_at 
    from
        users u1_0 
    where
        u1_0.user_id=?
]]></system-out>
  </testcase>
  <testcase name="createUser_ThrowsWhenEmailExists" classname="br.edu.ifba.inf008.plugins.users.infrastructure.services.UserServiceTest" time="0.003">
    <system-out><![CDATA[Hibernate: 
    select
        u1_0.user_id,
        u1_0.deactivated_at,
        u1_0.email,
        u1_0.name,
        u1_0.registered_at 
    from
        users u1_0 
    where
        u1_0.email=?
Hibernate: 
    insert 
    into
        users
        (deactivated_at, email, name, registered_at, user_id) 
    values
        (?, ?, ?, ?, default)
Hibernate: 
    select
        u1_0.user_id,
        u1_0.deactivated_at,
        u1_0.email,
        u1_0.name,
        u1_0.registered_at 
    from
        users u1_0 
    where
        u1_0.email=?
]]></system-out>
  </testcase>
</testsuite>